2025-12-23 16:27:33,790 [INFO] 📂 Loading data from data/movies_2025-12-23.json
2025-12-23 16:27:33,790 [INFO]    Found 18 movies in file
2025-12-23 16:27:33,790 [INFO] ✅ Found 0 upcoming showtimes matching criteria.
2025-12-23 16:27:33,790 [WARNING] No upcoming showtimes found. Exiting.
2025-12-23 16:30:27,730 [INFO] 📂 Loading data from data/movies_2025-12-23.json
2025-12-23 16:30:27,732 [INFO]    Found 18 movies in file
2025-12-23 16:30:27,732 [INFO] ✅ Found 343 upcoming showtimes matching criteria.
2025-12-23 16:30:27,732 [WARNING] ⚠️ Limit applied: keeping first 5 of 343 tasks
2025-12-23 16:30:27,733 [INFO] 🚀 Starting monitoring for 5 showtimes
2025-12-23 16:30:30,874 [INFO] ⏳ Waiting 5.56s before scraping AVATAR: FIRE AND ASH...
2025-12-23 16:30:30,875 [INFO] ⏳ Waiting 5.31s before scraping AVATAR: FIRE AND ASH...
2025-12-23 16:30:30,875 [INFO] ⏳ Waiting 6.97s before scraping AVATAR: FIRE AND ASH...
2025-12-23 16:30:30,875 [INFO] ⏳ Waiting 3.88s before scraping AVATAR: FIRE AND ASH...
2025-12-23 16:30:30,875 [INFO] ⏳ Waiting 2.81s before scraping AVATAR: FIRE AND ASH...
2025-12-23 16:30:34,628 [WARNING] ⚠️ Empty result for AVATAR: FIRE AND ASH
2025-12-23 16:30:35,321 [WARNING] ⚠️ Empty result for AVATAR: FIRE AND ASH
2025-12-23 16:30:37,050 [WARNING] ⚠️ Empty result for AVATAR: FIRE AND ASH
2025-12-23 16:30:37,351 [WARNING] ⚠️ Empty result for AVATAR: FIRE AND ASH
2025-12-23 16:30:38,412 [WARNING] ⚠️ Empty result for AVATAR: FIRE AND ASH
2025-12-23 16:30:38,413 [INFO] 💤 Batch complete. Sleeping 274.8s until 16:35:13...
2025-12-23 16:35:13,193 [INFO] ⏳ Waiting 6.81s before scraping AVATAR: FIRE AND ASH...
2025-12-23 16:35:13,194 [INFO] ⏳ Waiting 6.44s before scraping AVATAR: FIRE AND ASH...
2025-12-23 16:35:13,194 [INFO] ⏳ Waiting 4.29s before scraping AVATAR: FIRE AND ASH...
2025-12-23 16:35:13,195 [INFO] ⏳ Waiting 2.91s before scraping AVATAR: FIRE AND ASH...
2025-12-23 16:35:13,195 [INFO] ⏳ Waiting 7.40s before scraping AVATAR: FIRE AND ASH...
2025-12-23 16:35:17,915 [WARNING] ⚠️ Empty result for AVATAR: FIRE AND ASH
2025-12-23 16:35:18,215 [WARNING] ⚠️ Empty result for AVATAR: FIRE AND ASH
2025-12-23 16:35:20,413 [WARNING] ⚠️ Empty result for AVATAR: FIRE AND ASH
2025-12-23 16:35:21,020 [WARNING] ⚠️ Empty result for AVATAR: FIRE AND ASH
2025-12-23 16:35:21,321 [WARNING] ⚠️ Empty result for AVATAR: FIRE AND ASH
2025-12-23 16:35:21,322 [INFO] 💤 Batch complete. Sleeping 272.8s until 16:39:54...
2025-12-23 16:39:54,145 [INFO] ⏳ Waiting 7.95s before scraping AVATAR: FIRE AND ASH...
2025-12-23 16:39:54,146 [INFO] ⏳ Waiting 6.41s before scraping AVATAR: FIRE AND ASH...
2025-12-23 16:39:54,146 [INFO] ⏳ Waiting 4.45s before scraping AVATAR: FIRE AND ASH...
2025-12-23 16:39:54,146 [INFO] ⏳ Waiting 6.96s before scraping AVATAR: FIRE AND ASH...
2025-12-23 16:39:54,147 [INFO] ⏳ Waiting 6.42s before scraping AVATAR: FIRE AND ASH...
2025-12-23 16:40:00,026 [WARNING] ⚠️ Empty result for AVATAR: FIRE AND ASH
2025-12-23 16:40:02,035 [WARNING] ⚠️ Empty result for AVATAR: FIRE AND ASH
2025-12-23 16:40:02,035 [WARNING] ⚠️ Empty result for AVATAR: FIRE AND ASH
2025-12-23 16:40:02,444 [WARNING] ⚠️ Empty result for AVATAR: FIRE AND ASH
2025-12-23 16:40:02,745 [WARNING] ⚠️ Empty result for AVATAR: FIRE AND ASH
2025-12-23 16:40:02,746 [INFO] 💤 Batch complete. Sleeping 269.3s until 16:44:32...
2025-12-23 16:44:32,019 [INFO] ⏳ Waiting 6.48s before scraping AVATAR: FIRE AND ASH...
2025-12-23 16:44:32,020 [INFO] ⏳ Waiting 5.77s before scraping AVATAR: FIRE AND ASH...
2025-12-23 16:44:32,020 [INFO] ⏳ Waiting 6.91s before scraping AVATAR: FIRE AND ASH...
2025-12-23 16:44:32,021 [INFO] ⏳ Waiting 7.57s before scraping AVATAR: FIRE AND ASH...
2025-12-23 16:44:32,021 [INFO] ⏳ Waiting 4.35s before scraping AVATAR: FIRE AND ASH...
2025-12-23 16:44:38,090 [WARNING] ⚠️ Empty result for AVATAR: FIRE AND ASH
2025-12-23 16:44:38,391 [WARNING] ⚠️ Empty result for AVATAR: FIRE AND ASH
2025-12-23 16:44:39,382 [WARNING] ⚠️ Empty result for AVATAR: FIRE AND ASH
2025-12-23 16:44:40,016 [WARNING] ⚠️ Empty result for AVATAR: FIRE AND ASH
2025-12-23 16:44:40,317 [WARNING] ⚠️ Empty result for AVATAR: FIRE AND ASH
2025-12-23 16:44:40,317 [INFO] 💤 Batch complete. Sleeping 300.6s until 16:49:40...
2025-12-23 16:49:40,914 [INFO] ⏳ Waiting 7.34s before scraping AVATAR: FIRE AND ASH...
2025-12-23 16:49:40,914 [INFO] ⏳ Waiting 3.32s before scraping AVATAR: FIRE AND ASH...
2025-12-23 16:49:40,914 [INFO] ⏳ Waiting 5.96s before scraping AVATAR: FIRE AND ASH...
2025-12-23 16:49:40,915 [INFO] ⏳ Waiting 3.02s before scraping AVATAR: FIRE AND ASH...
2025-12-23 16:49:40,915 [INFO] ⏳ Waiting 6.57s before scraping AVATAR: FIRE AND ASH...
2025-12-23 16:49:45,481 [WARNING] ⚠️ Empty result for AVATAR: FIRE AND ASH
2025-12-23 16:49:45,782 [WARNING] ⚠️ Empty result for AVATAR: FIRE AND ASH
2025-12-23 16:49:48,033 [WARNING] ⚠️ Empty result for AVATAR: FIRE AND ASH
2025-12-23 16:49:48,524 [WARNING] ⚠️ Empty result for AVATAR: FIRE AND ASH
2025-12-23 16:49:48,825 [WARNING] ⚠️ Empty result for AVATAR: FIRE AND ASH
2025-12-23 16:49:48,826 [INFO] 💤 Batch complete. Sleeping 289.2s until 16:54:38...
2025-12-23 16:54:38,037 [INFO] ⏳ Waiting 2.78s before scraping AVATAR: FIRE AND ASH...
2025-12-23 16:54:38,037 [INFO] ⏳ Waiting 7.50s before scraping AVATAR: FIRE AND ASH...
2025-12-23 16:54:38,037 [INFO] ⏳ Waiting 2.56s before scraping AVATAR: FIRE AND ASH...
2025-12-23 16:54:38,037 [INFO] ⏳ Waiting 6.38s before scraping AVATAR: FIRE AND ASH...
2025-12-23 16:54:38,037 [INFO] ⏳ Waiting 3.29s before scraping AVATAR: FIRE AND ASH...
2025-12-23 16:54:42,479 [WARNING] ⚠️ Empty result for AVATAR: FIRE AND ASH
2025-12-23 16:54:42,479 [WARNING] ⚠️ Empty result for AVATAR: FIRE AND ASH
2025-12-23 16:54:42,780 [WARNING] ⚠️ Empty result for AVATAR: FIRE AND ASH
2025-12-23 16:54:45,223 [WARNING] ⚠️ Empty result for AVATAR: FIRE AND ASH
2025-12-23 16:54:46,143 [WARNING] ⚠️ Empty result for AVATAR: FIRE AND ASH
2025-12-23 16:54:46,144 [INFO] 💤 Batch complete. Sleeping 292.8s until 16:59:38...
2025-12-23 16:59:38,977 [INFO] ⏳ Waiting 7.83s before scraping AVATAR: FIRE AND ASH...
2025-12-23 16:59:38,978 [INFO] ⏳ Waiting 6.53s before scraping AVATAR: FIRE AND ASH...
2025-12-23 16:59:38,978 [INFO] ⏳ Waiting 6.88s before scraping AVATAR: FIRE AND ASH...
2025-12-23 16:59:38,978 [INFO] ⏳ Waiting 5.08s before scraping AVATAR: FIRE AND ASH...
2025-12-23 16:59:38,978 [INFO] ⏳ Waiting 5.47s before scraping AVATAR: FIRE AND ASH...
2025-12-23 16:59:45,980 [WARNING] ⚠️ Empty result for AVATAR: FIRE AND ASH
2025-12-23 16:59:46,294 [WARNING] ⚠️ Empty result for AVATAR: FIRE AND ASH
2025-12-23 16:59:46,294 [WARNING] ⚠️ Empty result for AVATAR: FIRE AND ASH
2025-12-23 16:59:46,595 [WARNING] ⚠️ Empty result for AVATAR: FIRE AND ASH
2025-12-23 16:59:47,495 [WARNING] ⚠️ Empty result for AVATAR: FIRE AND ASH
2025-12-23 16:59:47,496 [INFO] 💤 Batch complete. Sleeping 272.0s until 17:04:19...
2025-12-23 17:04:19,470 [INFO] ⏳ Waiting 4.01s before scraping AVATAR: FIRE AND ASH...
2025-12-23 17:04:19,471 [INFO] ⏳ Waiting 3.27s before scraping AVATAR: FIRE AND ASH...
2025-12-23 17:04:19,471 [INFO] ⏳ Waiting 5.28s before scraping AVATAR: FIRE AND ASH...
2025-12-23 17:04:19,471 [INFO] ⏳ Waiting 2.84s before scraping AVATAR: FIRE AND ASH...
2025-12-23 17:04:19,472 [INFO] ⏳ Waiting 3.13s before scraping AVATAR: FIRE AND ASH...
2025-12-23 17:04:25,005 [WARNING] ⚠️ Empty result for AVATAR: FIRE AND ASH
2025-12-23 17:04:25,006 [WARNING] ⚠️ Empty result for AVATAR: FIRE AND ASH
2025-12-23 17:04:25,415 [WARNING] ⚠️ Empty result for AVATAR: FIRE AND ASH
2025-12-23 17:04:25,416 [WARNING] ⚠️ Empty result for AVATAR: FIRE AND ASH
2025-12-23 17:04:25,717 [WARNING] ⚠️ Empty result for AVATAR: FIRE AND ASH
2025-12-23 17:04:25,717 [INFO] 💤 Batch complete. Sleeping 295.2s until 17:09:20...
2025-12-23 17:09:20,863 [INFO] ⏳ Waiting 4.66s before scraping AVATAR: FIRE AND ASH...
2025-12-23 17:09:20,864 [INFO] ⏳ Waiting 4.10s before scraping AVATAR: FIRE AND ASH...
2025-12-23 17:09:20,864 [INFO] ⏳ Waiting 4.94s before scraping AVATAR: FIRE AND ASH...
2025-12-23 17:09:20,864 [INFO] ⏳ Waiting 2.47s before scraping AVATAR: FIRE AND ASH...
2025-12-23 17:09:20,864 [INFO] ⏳ Waiting 3.25s before scraping AVATAR: FIRE AND ASH...
2025-12-23 17:09:25,722 [WARNING] ⚠️ Empty result for AVATAR: FIRE AND ASH
2025-12-23 17:09:26,083 [WARNING] ⚠️ Empty result for AVATAR: FIRE AND ASH
2025-12-23 17:09:26,394 [WARNING] ⚠️ Empty result for AVATAR: FIRE AND ASH
2025-12-23 17:09:26,394 [WARNING] ⚠️ Empty result for AVATAR: FIRE AND ASH
2025-12-23 17:09:26,695 [WARNING] ⚠️ Empty result for AVATAR: FIRE AND ASH
2025-12-23 17:09:26,695 [INFO] 💤 Batch complete. Sleeping 265.9s until 17:13:52...
2025-12-23 17:13:52,646 [INFO] ⏳ Waiting 7.96s before scraping AVATAR: FIRE AND ASH...
2025-12-23 17:13:52,647 [INFO] ⏳ Waiting 5.79s before scraping AVATAR: FIRE AND ASH...
2025-12-23 17:13:52,647 [INFO] ⏳ Waiting 6.43s before scraping AVATAR: FIRE AND ASH...
2025-12-23 17:13:52,647 [INFO] ⏳ Waiting 5.22s before scraping AVATAR: FIRE AND ASH...
2025-12-23 17:13:52,647 [INFO] ⏳ Waiting 5.97s before scraping AVATAR: FIRE AND ASH...
2025-12-23 17:13:59,265 [ERROR] ❌ Error scraping 2000794214929096704: Invalid isoformat string: ''
2025-12-23 17:13:59,492 [ERROR] ❌ Error scraping 2003074392648671232: Invalid isoformat string: ''
2025-12-23 17:14:00,127 [ERROR] ❌ Error scraping 2003074390513770496: Invalid isoformat string: ''
2025-12-23 17:14:00,509 [ERROR] ❌ Error scraping 2003074383500894208: Invalid isoformat string: ''
2025-12-23 17:14:01,651 [ERROR] ❌ Error scraping 2003074384331366400: Invalid isoformat string: ''
2025-12-23 17:14:01,652 [INFO] 💤 Batch complete. Sleeping 263.6s until 17:18:25...
2025-12-23 17:18:25,254 [INFO] ⏳ Waiting 3.82s before scraping AVATAR: FIRE AND ASH...
2025-12-23 17:18:25,254 [INFO] ⏳ Waiting 6.48s before scraping AVATAR: FIRE AND ASH...
2025-12-23 17:18:25,254 [INFO] ⏳ Waiting 6.53s before scraping AVATAR: FIRE AND ASH...
2025-12-23 17:18:25,254 [INFO] ⏳ Waiting 2.67s before scraping AVATAR: FIRE AND ASH...
2025-12-23 17:18:25,254 [INFO] ⏳ Waiting 5.73s before scraping AVATAR: FIRE AND ASH...
2025-12-23 17:18:29,262 [ERROR] ❌ Error scraping 2000794214929096704: Invalid isoformat string: ''
2025-12-23 17:18:29,696 [ERROR] ❌ Error scraping 2003074384331366400: Invalid isoformat string: ''
2025-12-23 17:18:31,479 [ERROR] ❌ Error scraping 2003074390513770496: Invalid isoformat string: ''
2025-12-23 17:18:32,334 [ERROR] ❌ Error scraping 2003074392648671232: Invalid isoformat string: ''
2025-12-23 17:18:32,655 [ERROR] ❌ Error scraping 2003074383500894208: Invalid isoformat string: ''
2025-12-23 17:18:32,656 [INFO] 💤 Batch complete. Sleeping 267.9s until 17:23:00...
